0 info it worked if it ends with ok
1 verbose cli [ 'node', '/usr/local/bin/npm', 'run', 'scss' ]
2 info using npm@2.1.11
3 info using node@v0.11.16
4 verbose run-script [ 'prescss', 'scss', 'postscss' ]
5 info prescss danielsite@1.0.0
6 info scss danielsite@1.0.0
7 verbose unsafe-perm in lifecycle true
8 info danielsite@1.0.0 Failed to exec scss script
9 verbose stack Error: danielsite@1.0.0 scss: `node-sass --watch scss -o css`
9 verbose stack Exit status 1
9 verbose stack     at EventEmitter.<anonymous> (/usr/local/lib/node_modules/npm/lib/utils/lifecycle.js:212:16)
9 verbose stack     at EventEmitter.emit (events.js:110:17)
9 verbose stack     at ChildProcess.<anonymous> (/usr/local/lib/node_modules/npm/lib/utils/spawn.js:14:12)
9 verbose stack     at ChildProcess.emit (events.js:110:17)
9 verbose stack     at maybeClose (child_process.js:1008:16)
9 verbose stack     at Process.ChildProcess._handle.onexit (child_process.js:1080:5)
10 verbose pkgid danielsite@1.0.0
11 verbose cwd /Users/Chen/Documents/hobby-projects-2020/danielsite
12 error Darwin 18.6.0
13 error argv "node" "/usr/local/bin/npm" "run" "scss"
14 error node v0.11.16
15 error npm  v2.1.11
16 error code ELIFECYCLE
17 error danielsite@1.0.0 scss: `node-sass --watch scss -o css`
17 error Exit status 1
18 error Failed at the danielsite@1.0.0 scss script 'node-sass --watch scss -o css'.
18 error This is most likely a problem with the danielsite package,
18 error not with npm itself.
18 error Tell the author that this fails on your system:
18 error     node-sass --watch scss -o css
18 error You can get their info via:
18 error     npm owner ls danielsite
18 error There is likely additional logging output above.
19 verbose exit [ 1, true ]
